TN:
SF:src\App.tsx
FN:3,App
FNF:1
FNH:0
FNDA:0,App
DA:4,0
LF:1
LH:0
BRF:0
BRH:0
end_of_record
TN:
SF:src\components\CoffeeCard\CoffeeCard.tsx
FN:3,(anonymous_0)
FNF:1
FNH:1
FNDA:2,(anonymous_0)
DA:3,1
DA:10,2
LF:2
LH:2
BRDA:7,0,0,2
BRDA:12,1,0,2
BRDA:12,1,1,0
BRDA:16,2,0,2
BRDA:16,2,1,0
BRF:5
BRH:3
end_of_record
TN:
SF:src\components\CoffeeCard\CoffeeCardTypes.ts
FNF:0
FNH:0
LF:0
LH:0
BRF:0
BRH:0
end_of_record
TN:
SF:src\components\Search\Search.tsx
FN:3,(anonymous_0)
FNF:1
FNH:1
FNDA:1,(anonymous_0)
DA:3,1
DA:4,1
LF:2
LH:2
BRF:0
BRH:0
end_of_record
TN:
SF:src\layout\RootLayout.tsx
FN:3,(anonymous_0)
FNF:1
FNH:0
FNDA:0,(anonymous_0)
DA:3,0
DA:4,0
LF:2
LH:0
BRF:0
BRH:0
end_of_record
TN:
SF:src\pages\About\About.tsx
FN:1,(anonymous_0)
FNF:1
FNH:0
FNDA:0,(anonymous_0)
DA:1,0
DA:2,0
LF:2
LH:0
BRF:0
BRH:0
end_of_record
TN:
SF:src\pages\Home\Home.tsx
FN:4,(anonymous_0)
FNF:1
FNH:1
FNDA:1,(anonymous_0)
DA:4,1
DA:5,1
LF:2
LH:2
BRF:0
BRH:0
end_of_record
TN:
SF:src\pages\NotFound\NotFound.tsx
FN:3,(anonymous_0)
FNF:1
FNH:0
FNDA:0,(anonymous_0)
DA:3,0
DA:4,0
DA:6,0
DA:7,0
DA:20,0
LF:5
LH:0
BRDA:6,0,0,0
BRDA:6,0,1,0
BRDA:12,1,0,0
BRDA:12,1,1,0
BRF:4
BRH:0
end_of_record
TN:
SF:src\router\Router.tsx
FNF:0
FNH:0
DA:8,0
LF:1
LH:0
BRF:0
BRH:0
end_of_record
TN:
SF:src\router\constants.ts
FNF:0
FNH:0
DA:1,0
LF:1
LH:0
BRF:0
BRH:0
end_of_record
